app/build/outputs/mapping/release/mapping.txt
# compiler: R8
# compiler_version: 8.5.35
# min_api: 24
# common_typos_disable
# {"id":"com.android.tools.r8.mapping","version":"2.2"}
# pg_map_id: 0cd40a1
# pg_map_hash: SHA-256 0cd40a120886cbd5ae30a1144d87f1f41d66ef984a1478f4ac34f1a131a04336
...
okhttp3.internal.connection.ConnectInterceptor -> okhttp3.internal.connection.ConnectInterceptor:
# {"id":"sourceFile","fileName":"ConnectInterceptor.kt"}
okhttp3.internal.connection.ConnectionSpecSelector -> okhttp3.internal.connection.ConnectionSpecSelector:
# {"id":"sourceFile","fileName":"ConnectionSpecSelector.kt"}
okhttp3.internal.connection.Exchange -> okhttp3.internal.connection.Exchange:
# {"id":"sourceFile","fileName":"Exchange.kt"}
    1:37:okio.Sink createRequestBody(okhttp3.Request,boolean):0:0 -> createRequestBody
      # {"id":"com.android.tools.r8.residualsignature","signature":"(Lokhttp3/Request;Z)La/lIOllI0;"}
okhttp3.internal.connection.Exchange$RequestBodySink -> okhttp3.internal.connection.Exchange$RequestBodySink:
# {"id":"sourceFile","fileName":"Exchange.kt"}
    1:18:void <init>(okhttp3.internal.connection.Exchange,okio.Sink,long):0:0 -> <init>
      # {"id":"com.android.tools.r8.residualsignature","signature":"(Lokhttp3/internal/connection/Exchange;La/lIOllI0;J)V"}
    1:87:void write(okio.Buffer,long):0:0 -> write
      # {"id":"com.android.tools.r8.residualsignature","signature":"(La/l1lO00;J)V"}
okhttp3.internal.connection.Exchange$ResponseBodySource -> okhttp3.internal.connection.Exchange$ResponseBodySource:
# {"id":"sourceFile","fileName":"Exchange.kt"}
    1:31:void <init>(okhttp3.internal.connection.Exchange,okio.Source,long):0:0 -> <init>
      # {"id":"com.android.tools.r8.residualsignature","signature":"(Lokhttp3/internal/connection/Exchange;La/lO1ll;J)V"}
    1:126:long read(okio.Buffer,long):0:0 -> read
      # {"id":"com.android.tools.r8.residualsignature","signature":"(La/l1lO00;J)J"}
okhttp3.internal.connection.ExchangeFinder -> okhttp3.internal.connection.ExchangeFinder:
# {"id":"sourceFile","fileName":"ExchangeFinder.kt"}
okhttp3.internal.connection.RealCall -> okhttp3.internal.connection.RealCall:
# {"id":"sourceFile","fileName":"RealCall.kt"}
    1:1:java.lang.Object clone():0:0 -> clone
    2:2:okhttp3.Call clone():0:0 -> clone
    3:3:okhttp3.internal.connection.RealCall clone():0:0 -> clone
    8:14:boolean kotlin.jvm.internal.Intrinsics.areEqual(java.lang.Object,java.lang.Object):0:0 -> messageDone$okhttp
    8:14:java.io.IOException messageDone$okhttp(okhttp3.internal.connection.Exchange,boolean,boolean,java.io.IOException):0 -> messageDone$okhttp
    15:90:java.io.IOException messageDone$okhttp(okhttp3.internal.connection.Exchange,boolean,boolean,java.io.IOException):0:0 -> messageDone$okhttp
    1:1:okio.AsyncTimeout timeout():0:0 -> timeout
      # {"id":"com.android.tools.r8.residualsignature","signature":"()La/O0ll01l;"}
    2:2:okio.Timeout timeout():0:0 -> timeout
      # {"id":"com.android.tools.r8.residualsignature","signature":"()La/Il0O1l0l;"}
okhttp3.internal.connection.RealCall$AsyncCall -> okhttp3.internal.connection.RealCall$AsyncCall:
# {"id":"sourceFile","fileName":"RealCall.kt"}
okhttp3.internal.connection.RealCall$CallReference -> okhttp3.internal.connection.RealCall$CallReference:
# {"id":"sourceFile","fileName":"RealCall.kt"}
okhttp3.internal.connection.RealCall$timeout$1 -> okhttp3.internal.connection.RealCall$timeout$1:
# {"id":"sourceFile","fileName":"RealCall.kt"}
    3:6:void okio.Timeout.<init>():0:0 -> <init>
    3:6:void okio.AsyncTimeout.<init>():0 -> <init>
    3:6:void <init>(okhttp3.internal.connection.RealCall):0 -> <init>